<?xml version="1.0" encoding="UTF-8"?>
<!-- Generated by org.testng.reporters.JUnitXMLReporter -->
<testsuite ignored="2" hostname="LAPTOP-RGJ526NM" failures="0" tests="1" name="Default test" time="69.021" errors="0" timestamp="2025-02-01T14:19:22 IST">
  <testcase classname="Testcases.SpecializationTest" name="verifyhoverSpecializationToprocessandAutomation" time="54.855"/>
  <testcase classname="Testcases.SpecializationTest" name="verifySpecilaizationpagetitle" time="0.0">
    <ignored/>
  </testcase> <!-- verifySpecilaizationpagetitle -->
  <testcase classname="Testcases.SpecializationTest" name="verifySpecilaizationmismatchpagetitle" time="0.0">
    <ignored/>
  </testcase> <!-- verifySpecilaizationmismatchpagetitle -->
</testsuite> <!-- Default test -->
