<?xml version="1.0" encoding="UTF-8"?>
<testng-results ignored="0" total="1" passed="1" failed="0" skipped="0">
  <reporter-output>
  </reporter-output>
  <suite started-at="2025-02-01T14:18:12 IST" name="Default suite" finished-at="2025-02-01T14:19:21 IST" duration-ms="69021">
    <groups>
    </groups>
    <test started-at="2025-02-01T14:18:12 IST" name="Default test" finished-at="2025-02-01T14:19:21 IST" duration-ms="69021">
      <class name="Testcases.SpecializationTest">
        <test-method is-config="true" signature="setup()[pri:0, instance:Testcases.SpecializationTest@cc43f62]" started-at="2025-02-01T14:18:13 IST" name="setup" finished-at="2025-02-01T14:18:26 IST" duration-ms="13746" status="PASS">
          <reporter-output>
          </reporter-output>
        </test-method> <!-- setup -->
        <test-method signature="verifyhoverSpecializationToprocessandAutomation()[pri:3, instance:Testcases.SpecializationTest@cc43f62]" started-at="2025-02-01T14:18:26 IST" name="verifyhoverSpecializationToprocessandAutomation" finished-at="2025-02-01T14:19:21 IST" duration-ms="54855" status="PASS">
          <reporter-output>
          </reporter-output>
        </test-method> <!-- verifyhoverSpecializationToprocessandAutomation -->
        <test-method is-config="true" signature="teardown()[pri:0, instance:Testcases.SpecializationTest@cc43f62]" started-at="2025-02-01T14:19:21 IST" name="teardown" finished-at="2025-02-01T14:19:21 IST" duration-ms="372" status="PASS">
          <reporter-output>
          </reporter-output>
        </test-method> <!-- teardown -->
      </class> <!-- Testcases.SpecializationTest -->
    </test> <!-- Default test -->
  </suite> <!-- Default suite -->
</testng-results>
